This is pdfTeX, Version 3.141592653-2.6-1.40.25 (TeX Live 2023) (preloaded format=pdflatex 2023.4.29)  5 JAN 2024 04:04
entering extended mode
 restricted \write18 enabled.
 file:line:error style messages enabled.
 %&-line parsing enabled.
**main.tex
(./main.tex
LaTeX2e <2022-11-01> patch level 1
L3 programming layer <2023-04-20> (/usr/local/texlive/2023/texmf-dist/tex/latex/koma-script/scrartcl.cls
Document Class: scrartcl 2023/04/24 v3.40 KOMA-Script document class (article)
(/usr/local/texlive/2023/texmf-dist/tex/latex/koma-script/scrkbase.sty
Package: scrkbase 2023/04/24 v3.40 KOMA-Script package (KOMA-Script-dependent basics and keyval usage)
 (/usr/local/texlive/2023/texmf-dist/tex/latex/koma-script/scrbase.sty
Package: scrbase 2023/04/24 v3.40 KOMA-Script package (KOMA-Script-independent basics and keyval usage)
 (/usr/local/texlive/2023/texmf-dist/tex/latex/koma-script/scrlfile.sty
Package: scrlfile 2023/04/24 v3.40 KOMA-Script package (file load hooks)
 (/usr/local/texlive/2023/texmf-dist/tex/latex/koma-script/scrlfile-hook.sty
Package: scrlfile-hook 2023/04/24 v3.40 KOMA-Script package (using LaTeX hooks)
 (/usr/local/texlive/2023/texmf-dist/tex/latex/koma-script/scrlogo.sty
Package: scrlogo 2023/04/24 v3.40 KOMA-Script package (logo)
))) (/usr/local/texlive/2023/texmf-dist/tex/latex/graphics/keyval.sty
Package: keyval 2022/05/29 v1.15 key=value parser (DPC)
\KV@toks@=\toks16
)
Applying: [2021/05/01] Usage of raw or classic option list on input line 252.
Already applied: [0000/00/00] Usage of raw or classic option list on input line 368.
)) (/usr/local/texlive/2023/texmf-dist/tex/latex/koma-script/tocbasic.sty
Package: tocbasic 2023/04/24 v3.40 KOMA-Script package (handling toc-files)
\scr@dte@tocline@numberwidth=\skip48
\scr@dte@tocline@numbox=\box51
)
Package tocbasic Info: omitting babel extension for `toc'
(tocbasic)             because of feature `nobabel' available
(tocbasic)             for `toc' on input line 133.
Package scrartcl Info: You've used standard option `12pt'.
(scrartcl)             This is correct!
(scrartcl)             Internally I'm using `fontsize=12pt'.
(scrartcl)             If you'd like to set the option with \KOMAoptions,
(scrartcl)             you'd have to use `fontsize=12pt' there
(scrartcl)             instead of `12pt', too.
Class scrartcl Info: File `scrsize12pt.clo' used to setup font sizes on input line 2418.
 (/usr/local/texlive/2023/texmf-dist/tex/latex/koma-script/scrsize12pt.clo
File: scrsize12pt.clo 2023/04/24 v3.40 KOMA-Script font size class option (12pt)
) (/usr/local/texlive/2023/texmf-dist/tex/latex/koma-script/typearea.sty
Package: typearea 2023/04/24 v3.40 KOMA-Script package (type area)
\ta@bcor=\skip49
\ta@div=\count185
Package typearea Info: You've used standard option `a4paper'.
(typearea)             This is correct!
(typearea)             Internally I'm using `paper=a4'.
(typearea)             If you'd like to set the option with \KOMAoptions,
(typearea)             you'd have to use `paper=a4' there
(typearea)             instead of `a4paper', too.
\ta@hblk=\skip50
\ta@vblk=\skip51
\ta@temp=\skip52
\footheight=\skip53
Package typearea Info: These are the values describing the layout:
(typearea)             DIV  = 12
(typearea)             BCOR = 0.0pt
(typearea)             \paperwidth      = 597.50793pt
(typearea)              \textwidth      = 448.13095pt
(typearea)              DIV departure   = -6%
(typearea)              \evensidemargin = 2.4185pt
(typearea)              \oddsidemargin  = 2.4185pt
(typearea)             \paperheight     = 845.04694pt
(typearea)              \textheight     = 635.5pt
(typearea)              \topmargin      = -41.72441pt
(typearea)              \headheight     = 18.125pt
(typearea)              \headsep        = 21.75pt
(typearea)              \topskip        = 12.0pt
(typearea)              \footskip       = 50.75pt
(typearea)              \baselineskip   = 14.5pt
(typearea)              on input line 1798.
)
\c@part=\count186
\c@section=\count187
\c@subsection=\count188
\c@subsubsection=\count189
\c@paragraph=\count190
\c@subparagraph=\count191
\scr@dte@section@maxnumwidth=\skip54
Class scrartcl Info: using compatibility default `runin=bysign'
(scrartcl)           for `\section on input line 5046.
Class scrartcl Info: using compatibility default `afterindent=bysign'
(scrartcl)           for `\section on input line 5046.
\scr@dte@part@maxnumwidth=\skip55
Class scrartcl Info: using compatibility default `afterindent=false'
(scrartcl)           for `\part on input line 5054.
\scr@dte@subsection@maxnumwidth=\skip56
Class scrartcl Info: using compatibility default `runin=bysign'
(scrartcl)           for `\subsection on input line 5064.
Class scrartcl Info: using compatibility default `afterindent=bysign'
(scrartcl)           for `\subsection on input line 5064.
\scr@dte@subsubsection@maxnumwidth=\skip57
Class scrartcl Info: using compatibility default `runin=bysign'
(scrartcl)           for `\subsubsection on input line 5074.
Class scrartcl Info: using compatibility default `afterindent=bysign'
(scrartcl)           for `\subsubsection on input line 5074.
\scr@dte@paragraph@maxnumwidth=\skip58
Class scrartcl Info: using compatibility default `runin=bysign'
(scrartcl)           for `\paragraph on input line 5085.
Class scrartcl Info: using compatibility default `afterindent=bysign'
(scrartcl)           for `\paragraph on input line 5085.
\scr@dte@subparagraph@maxnumwidth=\skip59
Class scrartcl Info: using compatibility default `runin=bysign'
(scrartcl)           for `\subparagraph on input line 5095.
Class scrartcl Info: using compatibility default `afterindent=bysign'
(scrartcl)           for `\subparagraph on input line 5095.
\abovecaptionskip=\skip60
\belowcaptionskip=\skip61
\c@pti@nb@sid@b@x=\box52
Package tocbasic Info: omitting babel extension for `lof'
(tocbasic)             because of feature `nobabel' available
(tocbasic)             for `lof' on input line 6263.
\scr@dte@figure@maxnumwidth=\skip62
\c@figure=\count192
Package tocbasic Info: omitting babel extension for `lot'
(tocbasic)             because of feature `nobabel' available
(tocbasic)             for `lot' on input line 6279.
\scr@dte@table@maxnumwidth=\skip63
\c@table=\count193
Class scrartcl Info: Redefining `\numberline' on input line 6449.
\bibindent=\dimen140
) (/usr/local/texlive/2023/texmf-dist/tex/latex/subfiles/subfiles.sty
Package: subfiles 2020/11/14 v2.2 Multi-file projects (package)
 (/usr/local/texlive/2023/texmf-dist/tex/latex/import/import.sty
Package: import 2020/04/01  v 6.2
)) (/usr/local/texlive/2023/texmf-dist/tex/latex/base/fontenc.sty
Package: fontenc 2021/04/29 v2.0v Standard LaTeX package
) (/usr/local/texlive/2023/texmf-dist/tex/latex/base/inputenc.sty
Package: inputenc 2021/02/14 v1.3d Input encoding file
\inpenc@prehook=\toks17
\inpenc@posthook=\toks18
) (/usr/local/texlive/2023/texmf-dist/tex/generic/babel/babel.sty
Package: babel 2023/04/18 3.88 The Babel package
\babel@savecnt=\count194
\U@D=\dimen141
\l@unhyphenated=\language10
 (/usr/local/texlive/2023/texmf-dist/tex/generic/babel/txtbabel.def)
\bbl@readstream=\read2
\bbl@dirlevel=\count195
 (/usr/local/texlive/2023/texmf-dist/tex/generic/babel-german/ngerman.ldf
Language: ngerman 2021/02/27 v2.13 German support for babel (post-1996 orthography)
 (/usr/local/texlive/2023/texmf-dist/tex/generic/babel-german/ngermanb.ldf
Language: ngermanb 2021/02/27 v2.13 German support for babel (post-1996 orthography)
Package babel Info: Making " an active character on input line 122.
))) (/usr/local/texlive/2023/texmf-dist/tex/generic/babel/locale/de/babel-ngerman.tex
Package babel Info: Importing font and identification data for ngerman
(babel)             from babel-de.ini. Reported on input line 11.
) (/usr/local/texlive/2023/texmf-dist/tex/latex/lm/lmodern.sty
Package: lmodern 2015/05/01 v1.6.1 Latin Modern Fonts
LaTeX Font Info:    Overwriting symbol font `operators' in version `normal'
(Font)                  OT1/cmr/m/n --> OT1/lmr/m/n on input line 22.
LaTeX Font Info:    Overwriting symbol font `letters' in version `normal'
(Font)                  OML/cmm/m/it --> OML/lmm/m/it on input line 23.
LaTeX Font Info:    Overwriting symbol font `symbols' in version `normal'
(Font)                  OMS/cmsy/m/n --> OMS/lmsy/m/n on input line 24.
LaTeX Font Info:    Overwriting symbol font `largesymbols' in version `normal'
(Font)                  OMX/cmex/m/n --> OMX/lmex/m/n on input line 25.
LaTeX Font Info:    Overwriting symbol font `operators' in version `bold'
(Font)                  OT1/cmr/bx/n --> OT1/lmr/bx/n on input line 26.
LaTeX Font Info:    Overwriting symbol font `letters' in version `bold'
(Font)                  OML/cmm/b/it --> OML/lmm/b/it on input line 27.
LaTeX Font Info:    Overwriting symbol font `symbols' in version `bold'
(Font)                  OMS/cmsy/b/n --> OMS/lmsy/b/n on input line 28.
LaTeX Font Info:    Overwriting symbol font `largesymbols' in version `bold'
(Font)                  OMX/cmex/m/n --> OMX/lmex/m/n on input line 29.
LaTeX Font Info:    Overwriting math alphabet `\mathbf' in version `normal'
(Font)                  OT1/cmr/bx/n --> OT1/lmr/bx/n on input line 31.
LaTeX Font Info:    Overwriting math alphabet `\mathsf' in version `normal'
(Font)                  OT1/cmss/m/n --> OT1/lmss/m/n on input line 32.
LaTeX Font Info:    Overwriting math alphabet `\mathit' in version `normal'
(Font)                  OT1/cmr/m/it --> OT1/lmr/m/it on input line 33.
LaTeX Font Info:    Overwriting math alphabet `\mathtt' in version `normal'
(Font)                  OT1/cmtt/m/n --> OT1/lmtt/m/n on input line 34.
LaTeX Font Info:    Overwriting math alphabet `\mathbf' in version `bold'
(Font)                  OT1/cmr/bx/n --> OT1/lmr/bx/n on input line 35.
LaTeX Font Info:    Overwriting math alphabet `\mathsf' in version `bold'
(Font)                  OT1/cmss/bx/n --> OT1/lmss/bx/n on input line 36.
LaTeX Font Info:    Overwriting math alphabet `\mathit' in version `bold'
(Font)                  OT1/cmr/bx/it --> OT1/lmr/bx/it on input line 37.
LaTeX Font Info:    Overwriting math alphabet `\mathtt' in version `bold'
(Font)                  OT1/cmtt/m/n --> OT1/lmtt/m/n on input line 38.
) (/usr/local/texlive/2023/texmf-dist/tex/latex/geometry/geometry.sty
Package: geometry 2020/01/02 v5.9 Page Geometry
 (/usr/local/texlive/2023/texmf-dist/tex/generic/iftex/ifvtex.sty
Package: ifvtex 2019/10/25 v1.7 ifvtex legacy package. Use iftex instead.
 (/usr/local/texlive/2023/texmf-dist/tex/generic/iftex/iftex.sty
Package: iftex 2022/02/03 v1.0f TeX engine tests
))
\Gm@cnth=\count196
\Gm@cntv=\count197
\c@Gm@tempcnt=\count198
\Gm@bindingoffset=\dimen142
\Gm@wd@mp=\dimen143
\Gm@odd@mp=\dimen144
\Gm@even@mp=\dimen145
\Gm@layoutwidth=\dimen146
\Gm@layoutheight=\dimen147
\Gm@layouthoffset=\dimen148
\Gm@layoutvoffset=\dimen149
\Gm@dimlist=\toks19
) (/usr/local/texlive/2023/texmf-dist/tex/latex/amsmath/amsmath.sty
Package: amsmath 2022/04/08 v2.17n AMS math features
\@mathmargin=\skip64

For additional information on amsmath, use the `?' option.
(/usr/local/texlive/2023/texmf-dist/tex/latex/amsmath/amstext.sty
Package: amstext 2021/08/26 v2.01 AMS text
 (/usr/local/texlive/2023/texmf-dist/tex/latex/amsmath/amsgen.sty
File: amsgen.sty 1999/11/30 v2.0 generic functions
\@emptytoks=\toks20
\ex@=\dimen150
)) (/usr/local/texlive/2023/texmf-dist/tex/latex/amsmath/amsbsy.sty
Package: amsbsy 1999/11/29 v1.2d Bold Symbols
\pmbraise@=\dimen151
) (/usr/local/texlive/2023/texmf-dist/tex/latex/amsmath/amsopn.sty
Package: amsopn 2022/04/08 v2.04 operator names
)
\inf@bad=\count199
LaTeX Info: Redefining \frac on input line 234.
\uproot@=\count266
\leftroot@=\count267
LaTeX Info: Redefining \overline on input line 399.
LaTeX Info: Redefining \colon on input line 410.
\classnum@=\count268
\DOTSCASE@=\count269
LaTeX Info: Redefining \ldots on input line 496.
LaTeX Info: Redefining \dots on input line 499.
LaTeX Info: Redefining \cdots on input line 620.
\Mathstrutbox@=\box53
\strutbox@=\box54
LaTeX Info: Redefining \big on input line 722.
LaTeX Info: Redefining \Big on input line 723.
LaTeX Info: Redefining \bigg on input line 724.
LaTeX Info: Redefining \Bigg on input line 725.
\big@size=\dimen152
LaTeX Font Info:    Redeclaring font encoding OML on input line 743.
LaTeX Font Info:    Redeclaring font encoding OMS on input line 744.
\macc@depth=\count270
LaTeX Info: Redefining \bmod on input line 905.
LaTeX Info: Redefining \pmod on input line 910.
LaTeX Info: Redefining \smash on input line 940.
LaTeX Info: Redefining \relbar on input line 970.
LaTeX Info: Redefining \Relbar on input line 971.
\c@MaxMatrixCols=\count271
\dotsspace@=\muskip16
\c@parentequation=\count272
\dspbrk@lvl=\count273
\tag@help=\toks21
\row@=\count274
\column@=\count275
\maxfields@=\count276
\andhelp@=\toks22
\eqnshift@=\dimen153
\alignsep@=\dimen154
\tagshift@=\dimen155
\tagwidth@=\dimen156
\totwidth@=\dimen157
\lineht@=\dimen158
\@envbody=\toks23
\multlinegap=\skip65
\multlinetaggap=\skip66
\mathdisplay@stack=\toks24
LaTeX Info: Redefining \[ on input line 2953.
LaTeX Info: Redefining \] on input line 2954.
) (/usr/local/texlive/2023/texmf-dist/tex/latex/amsfonts/amsfonts.sty
Package: amsfonts 2013/01/14 v3.01 Basic AMSFonts support
\symAMSa=\mathgroup4
\symAMSb=\mathgroup5
LaTeX Font Info:    Redeclaring math symbol \hbar on input line 98.
LaTeX Font Info:    Overwriting math alphabet `\mathfrak' in version `bold'
(Font)                  U/euf/m/n --> U/euf/b/n on input line 106.
) (/usr/local/texlive/2023/texmf-dist/tex/latex/xcolor/xcolor.sty
Package: xcolor 2022/06/12 v2.14 LaTeX color extensions (UK)
 (/usr/local/texlive/2023/texmf-dist/tex/latex/graphics-cfg/color.cfg
File: color.cfg 2016/01/02 v1.6 sample color configuration
)
Package xcolor Info: Driver file: pdftex.def on input line 227.
 (/usr/local/texlive/2023/texmf-dist/tex/latex/graphics-def/pdftex.def
File: pdftex.def 2022/09/22 v1.2b Graphics/color driver for pdftex
) (/usr/local/texlive/2023/texmf-dist/tex/latex/colortbl/colortbl.sty
Package: colortbl 2022/06/20 v1.0f Color table columns (DPC)
 (/usr/local/texlive/2023/texmf-dist/tex/latex/tools/array.sty
Package: array 2022/09/04 v2.5g Tabular extension package (FMi)
\col@sep=\dimen159
\ar@mcellbox=\box55
\extrarowheight=\dimen160
\NC@list=\toks25
\extratabsurround=\skip67
\backup@length=\skip68
\ar@cellbox=\box56
)
\everycr=\toks26
\minrowclearance=\skip69
\rownum=\count277
) (/usr/local/texlive/2023/texmf-dist/tex/latex/graphics/mathcolor.ltx)
Package xcolor Info: Model `cmy' substituted by `cmy0' on input line 1353.
Package xcolor Info: Model `hsb' substituted by `rgb' on input line 1357.
Package xcolor Info: Model `RGB' extended on input line 1369.
Package xcolor Info: Model `HTML' substituted by `rgb' on input line 1371.
Package xcolor Info: Model `Hsb' substituted by `hsb' on input line 1372.
Package xcolor Info: Model `tHsb' substituted by `hsb' on input line 1373.
Package xcolor Info: Model `HSB' substituted by `hsb' on input line 1374.
Package xcolor Info: Model `Gray' substituted by `gray' on input line 1375.
Package xcolor Info: Model `wave' substituted by `hsb' on input line 1376.
 (/usr/local/texlive/2023/texmf-dist/tex/latex/graphics/dvipsnam.def
File: dvipsnam.def 2016/06/17 v3.0m Driver-dependent file (DPC,SPQR)
)) (/usr/local/texlive/2023/texmf-dist/tex/latex/graphics/graphicx.sty
Package: graphicx 2021/09/16 v1.2d Enhanced LaTeX Graphics (DPC,SPQR)
 (/usr/local/texlive/2023/texmf-dist/tex/latex/graphics/graphics.sty
Package: graphics 2022/03/10 v1.4e Standard LaTeX Graphics (DPC,SPQR)
 (/usr/local/texlive/2023/texmf-dist/tex/latex/graphics/trig.sty
Package: trig 2021/08/11 v1.11 sin cos tan (DPC)
) (/usr/local/texlive/2023/texmf-dist/tex/latex/graphics-cfg/graphics.cfg
File: graphics.cfg 2016/06/04 v1.11 sample graphics configuration
)
Package graphics Info: Driver file: pdftex.def on input line 107.
)
\Gin@req@height=\dimen161
\Gin@req@width=\dimen162
) (/usr/local/texlive/2023/texmf-dist/tex/latex/tcolorbox/tcolorbox.sty
Package: tcolorbox 2023/03/17 version 6.0.3 text color boxes
 (/usr/local/texlive/2023/texmf-dist/tex/latex/pgf/basiclayer/pgf.sty (/usr/local/texlive/2023/texmf-dist/tex/latex/pgf/utilities/pgfrcs.sty (/usr/local/texlive/2023/texmf-dist/tex/generic/pgf/utilities/pgfutil-common.tex
\pgfutil@everybye=\toks27
\pgfutil@tempdima=\dimen163
\pgfutil@tempdimb=\dimen164
) (/usr/local/texlive/2023/texmf-dist/tex/generic/pgf/utilities/pgfutil-latex.def
\pgfutil@abb=\box57
) (/usr/local/texlive/2023/texmf-dist/tex/generic/pgf/utilities/pgfrcs.code.tex (/usr/local/texlive/2023/texmf-dist/tex/generic/pgf/pgf.revision.tex)
Package: pgfrcs 2023-01-15 v3.1.10 (3.1.10)
))
Package: pgf 2023-01-15 v3.1.10 (3.1.10)
 (/usr/local/texlive/2023/texmf-dist/tex/latex/pgf/basiclayer/pgfcore.sty (/usr/local/texlive/2023/texmf-dist/tex/latex/pgf/systemlayer/pgfsys.sty (/usr/local/texlive/2023/texmf-dist/tex/generic/pgf/systemlayer/pgfsys.code.tex
Package: pgfsys 2023-01-15 v3.1.10 (3.1.10)
 (/usr/local/texlive/2023/texmf-dist/tex/generic/pgf/utilities/pgfkeys.code.tex
\pgfkeys@pathtoks=\toks28
\pgfkeys@temptoks=\toks29

(/usr/local/texlive/2023/texmf-dist/tex/generic/pgf/utilities/pgfkeyslibraryfiltered.code.tex
\pgfkeys@tmptoks=\toks30
))
\pgf@x=\dimen165
\pgf@y=\dimen166
\pgf@xa=\dimen167
\pgf@ya=\dimen168
\pgf@xb=\dimen169
\pgf@yb=\dimen170
\pgf@xc=\dimen171
\pgf@yc=\dimen172
\pgf@xd=\dimen173
\pgf@yd=\dimen174
\w@pgf@writea=\write3
\r@pgf@reada=\read3
\c@pgf@counta=\count278
\c@pgf@countb=\count279
\c@pgf@countc=\count280
\c@pgf@countd=\count281
\t@pgf@toka=\toks31
\t@pgf@tokb=\toks32
\t@pgf@tokc=\toks33
\pgf@sys@id@count=\count282
 (/usr/local/texlive/2023/texmf-dist/tex/generic/pgf/systemlayer/pgf.cfg
File: pgf.cfg 2023-01-15 v3.1.10 (3.1.10)
)
Driver file for pgf: pgfsys-pdftex.def
 (/usr/local/texlive/2023/texmf-dist/tex/generic/pgf/systemlayer/pgfsys-pdftex.def
File: pgfsys-pdftex.def 2023-01-15 v3.1.10 (3.1.10)
 (/usr/local/texlive/2023/texmf-dist/tex/generic/pgf/systemlayer/pgfsys-common-pdf.def
File: pgfsys-common-pdf.def 2023-01-15 v3.1.10 (3.1.10)
))) (/usr/local/texlive/2023/texmf-dist/tex/generic/pgf/systemlayer/pgfsyssoftpath.code.tex
File: pgfsyssoftpath.code.tex 2023-01-15 v3.1.10 (3.1.10)
\pgfsyssoftpath@smallbuffer@items=\count283
\pgfsyssoftpath@bigbuffer@items=\count284
) (/usr/local/texlive/2023/texmf-dist/tex/generic/pgf/systemlayer/pgfsysprotocol.code.tex
File: pgfsysprotocol.code.tex 2023-01-15 v3.1.10 (3.1.10)
)) (/usr/local/texlive/2023/texmf-dist/tex/generic/pgf/basiclayer/pgfcore.code.tex
Package: pgfcore 2023-01-15 v3.1.10 (3.1.10)
 (/usr/local/texlive/2023/texmf-dist/tex/generic/pgf/math/pgfmath.code.tex (/usr/local/texlive/2023/texmf-dist/tex/generic/pgf/math/pgfmathutil.code.tex) (/usr/local/texlive/2023/texmf-dist/tex/generic/pgf/math/pgfmathparser.code.tex
\pgfmath@dimen=\dimen175
\pgfmath@count=\count285
\pgfmath@box=\box58
\pgfmath@toks=\toks34
\pgfmath@stack@operand=\toks35
\pgfmath@stack@operation=\toks36
) (/usr/local/texlive/2023/texmf-dist/tex/generic/pgf/math/pgfmathfunctions.code.tex) (/usr/local/texlive/2023/texmf-dist/tex/generic/pgf/math/pgfmathfunctions.basic.code.tex) (/usr/local/texlive/2023/texmf-dist/tex/generic/pgf/math/pgfmathfunctions.trigonometric.code.tex) (/usr/local/texlive/2023/texmf-dist/tex/generic/pgf/math/pgfmathfunctions.random.code.tex) (/usr/local/texlive/2023/texmf-dist/tex/generic/pgf/math/pgfmathfunctions.comparison.code.tex) (/usr/local/texlive/2023/texmf-dist/tex/generic/pgf/math/pgfmathfunctions.base.code.tex) (/usr/local/texlive/2023/texmf-dist/tex/generic/pgf/math/pgfmathfunctions.round.code.tex) (/usr/local/texlive/2023/texmf-dist/tex/generic/pgf/math/pgfmathfunctions.misc.code.tex) (/usr/local/texlive/2023/texmf-dist/tex/generic/pgf/math/pgfmathfunctions.integerarithmetics.code.tex) (/usr/local/texlive/2023/texmf-dist/tex/generic/pgf/math/pgfmathcalc.code.tex) (/usr/local/texlive/2023/texmf-dist/tex/generic/pgf/math/pgfmathfloat.code.tex
\c@pgfmathroundto@lastzeros=\count286
)) (/usr/local/texlive/2023/texmf-dist/tex/generic/pgf/math/pgfint.code.tex) (/usr/local/texlive/2023/texmf-dist/tex/generic/pgf/basiclayer/pgfcorepoints.code.tex
File: pgfcorepoints.code.tex 2023-01-15 v3.1.10 (3.1.10)
\pgf@picminx=\dimen176
\pgf@picmaxx=\dimen177
\pgf@picminy=\dimen178
\pgf@picmaxy=\dimen179
\pgf@pathminx=\dimen180
\pgf@pathmaxx=\dimen181
\pgf@pathminy=\dimen182
\pgf@pathmaxy=\dimen183
\pgf@xx=\dimen184
\pgf@xy=\dimen185
\pgf@yx=\dimen186
\pgf@yy=\dimen187
\pgf@zx=\dimen188
\pgf@zy=\dimen189
)
(/usr/local/texlive/2023/texmf-dist/tex/generic/pgf/basiclayer/pgfcorepathconstruct.code.tex
File: pgfcorepathconstruct.code.tex 2023-01-15 v3.1.10 (3.1.10)
\pgf@path@lastx=\dimen190
\pgf@path@lasty=\dimen191
) (/usr/local/texlive/2023/texmf-dist/tex/generic/pgf/basiclayer/pgfcorepathusage.code.tex
File: pgfcorepathusage.code.tex 2023-01-15 v3.1.10 (3.1.10)
\pgf@shorten@end@additional=\dimen192
\pgf@shorten@start@additional=\dimen193
) (/usr/local/texlive/2023/texmf-dist/tex/generic/pgf/basiclayer/pgfcorescopes.code.tex
File: pgfcorescopes.code.tex 2023-01-15 v3.1.10 (3.1.10)
\pgfpic=\box59
\pgf@hbox=\box60
\pgf@layerbox@main=\box61
\pgf@picture@serial@count=\count287
) (/usr/local/texlive/2023/texmf-dist/tex/generic/pgf/basiclayer/pgfcoregraphicstate.code.tex
File: pgfcoregraphicstate.code.tex 2023-01-15 v3.1.10 (3.1.10)
\pgflinewidth=\dimen194
) (/usr/local/texlive/2023/texmf-dist/tex/generic/pgf/basiclayer/pgfcoretransformations.code.tex
File: pgfcoretransformations.code.tex 2023-01-15 v3.1.10 (3.1.10)
\pgf@pt@x=\dimen195
\pgf@pt@y=\dimen196
\pgf@pt@temp=\dimen197
) (/usr/local/texlive/2023/texmf-dist/tex/generic/pgf/basiclayer/pgfcorequick.code.tex
File: pgfcorequick.code.tex 2023-01-15 v3.1.10 (3.1.10)
) (/usr/local/texlive/2023/texmf-dist/tex/generic/pgf/basiclayer/pgfcoreobjects.code.tex
File: pgfcoreobjects.code.tex 2023-01-15 v3.1.10 (3.1.10)
) (/usr/local/texlive/2023/texmf-dist/tex/generic/pgf/basiclayer/pgfcorepathprocessing.code.tex
File: pgfcorepathprocessing.code.tex 2023-01-15 v3.1.10 (3.1.10)
) (/usr/local/texlive/2023/texmf-dist/tex/generic/pgf/basiclayer/pgfcorearrows.code.tex
File: pgfcorearrows.code.tex 2023-01-15 v3.1.10 (3.1.10)
\pgfarrowsep=\dimen198
) (/usr/local/texlive/2023/texmf-dist/tex/generic/pgf/basiclayer/pgfcoreshade.code.tex
File: pgfcoreshade.code.tex 2023-01-15 v3.1.10 (3.1.10)
\pgf@max=\dimen199
\pgf@sys@shading@range@num=\count288
\pgf@shadingcount=\count289
) (/usr/local/texlive/2023/texmf-dist/tex/generic/pgf/basiclayer/pgfcoreimage.code.tex
File: pgfcoreimage.code.tex 2023-01-15 v3.1.10 (3.1.10)
) (/usr/local/texlive/2023/texmf-dist/tex/generic/pgf/basiclayer/pgfcoreexternal.code.tex
File: pgfcoreexternal.code.tex 2023-01-15 v3.1.10 (3.1.10)
\pgfexternal@startupbox=\box62
) (/usr/local/texlive/2023/texmf-dist/tex/generic/pgf/basiclayer/pgfcorelayers.code.tex
File: pgfcorelayers.code.tex 2023-01-15 v3.1.10 (3.1.10)
) (/usr/local/texlive/2023/texmf-dist/tex/generic/pgf/basiclayer/pgfcoretransparency.code.tex
File: pgfcoretransparency.code.tex 2023-01-15 v3.1.10 (3.1.10)
) (/usr/local/texlive/2023/texmf-dist/tex/generic/pgf/basiclayer/pgfcorepatterns.code.tex
File: pgfcorepatterns.code.tex 2023-01-15 v3.1.10 (3.1.10)
) (/usr/local/texlive/2023/texmf-dist/tex/generic/pgf/basiclayer/pgfcorerdf.code.tex
File: pgfcorerdf.code.tex 2023-01-15 v3.1.10 (3.1.10)
))) (/usr/local/texlive/2023/texmf-dist/tex/generic/pgf/modules/pgfmoduleshapes.code.tex
File: pgfmoduleshapes.code.tex 2023-01-15 v3.1.10 (3.1.10)
\pgfnodeparttextbox=\box63
) (/usr/local/texlive/2023/texmf-dist/tex/generic/pgf/modules/pgfmoduleplot.code.tex
File: pgfmoduleplot.code.tex 2023-01-15 v3.1.10 (3.1.10)
) (/usr/local/texlive/2023/texmf-dist/tex/latex/pgf/compatibility/pgfcomp-version-0-65.sty
Package: pgfcomp-version-0-65 2023-01-15 v3.1.10 (3.1.10)
\pgf@nodesepstart=\dimen256
\pgf@nodesepend=\dimen257
) (/usr/local/texlive/2023/texmf-dist/tex/latex/pgf/compatibility/pgfcomp-version-1-18.sty
Package: pgfcomp-version-1-18 2023-01-15 v3.1.10 (3.1.10)
)) (/usr/local/texlive/2023/texmf-dist/tex/latex/tools/verbatim.sty
Package: verbatim 2022-07-02 v1.5u LaTeX2e package for verbatim enhancements
\every@verbatim=\toks37
\verbatim@line=\toks38
\verbatim@in@stream=\read4
) (/usr/local/texlive/2023/texmf-dist/tex/latex/environ/environ.sty
Package: environ 2014/05/04 v0.3 A new way to define environments
 (/usr/local/texlive/2023/texmf-dist/tex/latex/trimspaces/trimspaces.sty
Package: trimspaces 2009/09/17 v1.1 Trim spaces around a token list
))
(/usr/local/texlive/2023/texmf-dist/tex/latex/etoolbox/etoolbox.sty
Package: etoolbox 2020/10/05 v2.5k e-TeX tools for LaTeX (JAW)
\etb@tempcnta=\count290
)
\tcb@titlebox=\box64
\tcb@upperbox=\box65
\tcb@lowerbox=\box66
\tcb@phantombox=\box67
\c@tcbbreakpart=\count291
\c@tcblayer=\count292
\c@tcolorbox@number=\count293
\tcb@temp=\box68
\tcb@temp=\box69
\tcb@temp=\box70
\tcb@temp=\box71
) (/usr/local/texlive/2023/texmf-dist/tex/latex/enumitem/enumitem.sty
Package: enumitem 2019/06/20 v3.9 Customized lists
\labelindent=\skip70
\enit@outerparindent=\dimen258
\enit@toks=\toks39
\enit@inbox=\box72
\enit@count@id=\count294
\enitdp@description=\count295
) (/usr/local/texlive/2023/texmf-dist/tex/latex/tools/tabularx.sty
Package: tabularx 2020/01/15 v2.11c `tabularx' package (DPC)
\TX@col@width=\dimen259
\TX@old@table=\dimen260
\TX@old@col=\dimen261
\TX@target=\dimen262
\TX@delta=\dimen263
\TX@cols=\count296
\TX@ftn=\toks40
) (/usr/local/texlive/2023/texmf-dist/tex/latex/float/float.sty
Package: float 2001/11/08 v1.3d Float enhancements (AL)
\c@float@type=\count297
\float@exts=\toks41
\float@box=\box73
\@float@everytoks=\toks42
\@floatcapt=\box74
) (/usr/local/texlive/2023/texmf-dist/tex/latex/circuitikz/circuitikz.sty
Package: circuitikz 2023/02/11{} The CircuiTikz circuit drawing package version 1.6.1
 (/usr/local/texlive/2023/texmf-dist/tex/latex/pgf/frontendlayer/tikz.sty (/usr/local/texlive/2023/texmf-dist/tex/latex/pgf/utilities/pgffor.sty (/usr/local/texlive/2023/texmf-dist/tex/latex/pgf/utilities/pgfkeys.sty (/usr/local/texlive/2023/texmf-dist/tex/generic/pgf/utilities/pgfkeys.code.tex)) (/usr/local/texlive/2023/texmf-dist/tex/latex/pgf/math/pgfmath.sty (/usr/local/texlive/2023/texmf-dist/tex/generic/pgf/math/pgfmath.code.tex)) (/usr/local/texlive/2023/texmf-dist/tex/generic/pgf/utilities/pgffor.code.tex
Package: pgffor 2023-01-15 v3.1.10 (3.1.10)
\pgffor@iter=\dimen264
\pgffor@skip=\dimen265
\pgffor@stack=\toks43
\pgffor@toks=\toks44
)) (/usr/local/texlive/2023/texmf-dist/tex/generic/pgf/frontendlayer/tikz/tikz.code.tex
Package: tikz 2023-01-15 v3.1.10 (3.1.10)
 (/usr/local/texlive/2023/texmf-dist/tex/generic/pgf/libraries/pgflibraryplothandlers.code.tex
File: pgflibraryplothandlers.code.tex 2023-01-15 v3.1.10 (3.1.10)
\pgf@plot@mark@count=\count298
\pgfplotmarksize=\dimen266
)
\tikz@lastx=\dimen267
\tikz@lasty=\dimen268
\tikz@lastxsaved=\dimen269
\tikz@lastysaved=\dimen270
\tikz@lastmovetox=\dimen271
\tikz@lastmovetoy=\dimen272
\tikzleveldistance=\dimen273
\tikzsiblingdistance=\dimen274
\tikz@figbox=\box75
\tikz@figbox@bg=\box76
\tikz@tempbox=\box77
\tikz@tempbox@bg=\box78
\tikztreelevel=\count299
\tikznumberofchildren=\count300
\tikznumberofcurrentchild=\count301
\tikz@fig@count=\count302
 (/usr/local/texlive/2023/texmf-dist/tex/generic/pgf/modules/pgfmodulematrix.code.tex
File: pgfmodulematrix.code.tex 2023-01-15 v3.1.10 (3.1.10)
\pgfmatrixcurrentrow=\count303
\pgfmatrixcurrentcolumn=\count304
\pgf@matrix@numberofcolumns=\count305
)
\tikz@expandcount=\count306
 (/usr/local/texlive/2023/texmf-dist/tex/generic/pgf/frontendlayer/tikz/libraries/tikzlibrarytopaths.code.tex
File: tikzlibrarytopaths.code.tex 2023-01-15 v3.1.10 (3.1.10)
))) (/usr/local/texlive/2023/texmf-dist/tex/generic/pgf/frontendlayer/tikz/libraries/tikzlibrarycalc.code.tex
File: tikzlibrarycalc.code.tex 2023-01-15 v3.1.10 (3.1.10)
) (/usr/local/texlive/2023/texmf-dist/tex/generic/pgf/libraries/pgflibraryarrows.meta.code.tex
File: pgflibraryarrows.meta.code.tex 2023-01-15 v3.1.10 (3.1.10)
\pgfarrowinset=\dimen275
\pgfarrowlength=\dimen276
\pgfarrowwidth=\dimen277
\pgfarrowlinewidth=\dimen278
) (/usr/local/texlive/2023/texmf-dist/tex/generic/pgf/frontendlayer/tikz/libraries/tikzlibrarybending.code.tex
File: tikzlibrarybending.code.tex 2023-01-15 v3.1.10 (3.1.10)
 (/usr/local/texlive/2023/texmf-dist/tex/generic/pgf/modules/pgfmodulebending.code.tex
File: pgfmodulebending.code.tex 2023-01-15 v3.1.10 (3.1.10)
 (/usr/local/texlive/2023/texmf-dist/tex/generic/pgf/modules/pgfmodulenonlineartransformations.code.tex
File: pgfmodulenonlineartransformations.code.tex 2023-01-15 v3.1.10 (3.1.10)
\pgftransformnonlinearflatness=\dimen279
) (/usr/local/texlive/2023/texmf-dist/tex/generic/pgf/libraries/pgflibrarycurvilinear.code.tex
File: pgflibrarycurvilinear.code.tex 2023-01-15 v3.1.10 (3.1.10)
\pgf@curvilinear@time@a=\dimen280
\pgf@curvilinear@length@a=\dimen281
\pgf@curvilinear@length@b=\dimen282
\pgf@curvilinear@length@c=\dimen283
\pgf@curvilinear@length@d=\dimen284
)
\pgf@arrows@the@rigidity=\dimen285
)) (/usr/local/texlive/2023/texmf-dist/tex/generic/pgf/frontendlayer/tikz/libraries/tikzlibraryfpu.code.tex
(/usr/local/texlive/2023/texmf-dist/tex/generic/pgf/libraries/pgflibraryfpu.code.tex)) (/usr/local/texlive/2023/texmf-dist/tex/generic/circuitikz/pgfcirc.defines.tex
\pgf@circ@count@a=\count307
\pgf@circ@count@b=\count308
\pgf@circ@count@c=\count309
\pgf@circ@res@up=\dimen286
\pgf@circ@res@down=\dimen287
\pgf@circ@res@zero=\dimen288
\pgf@circ@res@left=\dimen289
\pgf@circ@res@right=\dimen290
\pgf@circ@res@other=\dimen291
\pgf@circ@res@step=\dimen292
\pgf@circ@res@temp=\dimen293
\pgf@circ@Rlen=\dimen294
\pgf@circ@scaled@Rlen=\dimen295
\pgfstartlinewidth=\dimen296
) (/usr/local/texlive/2023/texmf-dist/tex/generic/circuitikz/pgfcircutils.tex
\ctikz@scratchbox=\box79
) (/usr/local/texlive/2023/texmf-dist/tex/generic/circuitikz/pgfcircpath.tex) (/usr/local/texlive/2023/texmf-dist/tex/generic/circuitikz/pgfcircshapes.tex) (/usr/local/texlive/2023/texmf-dist/tex/generic/circuitikz/pgfcircmonopoles.tex) (/usr/local/texlive/2023/texmf-dist/tex/generic/circuitikz/pgfcircbipoles.tex) (/usr/local/texlive/2023/texmf-dist/tex/generic/circuitikz/pgfcirctripoles.tex
\pgf@circ@res@count=\count310
) (/usr/local/texlive/2023/texmf-dist/tex/generic/circuitikz/pgfcircquadpoles.tex) (/usr/local/texlive/2023/texmf-dist/tex/generic/circuitikz/pgfcircmultipoles.tex) (/usr/local/texlive/2023/texmf-dist/tex/generic/circuitikz/pgfcirclabel.tex) (/usr/local/texlive/2023/texmf-dist/tex/generic/circuitikz/pgfcircvoltage.tex
\pgfcirc@labelshift=\dimen297
) (/usr/local/texlive/2023/texmf-dist/tex/generic/circuitikz/pgfcirccurrent.tex) (/usr/local/texlive/2023/texmf-dist/tex/generic/circuitikz/pgfcircflow.tex)) (/usr/local/texlive/2023/texmf-dist/tex/latex/tikzmark/tikzlibrarytikzmark.code.tex
File: tikzlibrarytikzmark.code.tex 2022/08/24 v1.15 TikZ library for marking positions in a document
 (/usr/local/texlive/2023/texmf-dist/tex/latex/l3kernel/expl3.sty
Package: expl3 2023-04-20 L3 programming layer (loader) 
 (/usr/local/texlive/2023/texmf-dist/tex/latex/l3backend/l3backend-pdftex.def
File: l3backend-pdftex.def 2023-04-19 L3 backend support: PDF output (pdfTeX)
\l__color_backend_stack_int=\count311
\l__pdf_internal_box=\box80
)) (/usr/local/texlive/2023/texmf-dist/tex/latex/l3packages/l3keys2e/l3keys2e.sty
Package: l3keys2e 2023-02-02 LaTeX2e option processing using LaTeX3 keys
) (/usr/local/texlive/2023/texmf-dist/tex/latex/l3packages/xparse/xparse.sty
Package: xparse 2023-02-02 L3 Experimental document command parser
)
\l__sn_x_dim=\dimen298
\l__sn_y_dim=\dimen299
\l__sn_xa_dim=\dimen300
\l__sn_ya_dim=\dimen301
) (/usr/local/texlive/2023/texmf-dist/tex/generic/pgf/frontendlayer/tikz/libraries/tikzlibrarydecorations.pathreplacing.code.tex (/usr/local/texlive/2023/texmf-dist/tex/generic/pgf/frontendlayer/tikz/libraries/tikzlibrarydecorations.code.tex (/usr/local/texlive/2023/texmf-dist/tex/generic/pgf/modules/pgfmoduledecorations.code.tex
\pgfdecoratedcompleteddistance=\dimen302
\pgfdecoratedremainingdistance=\dimen303
\pgfdecoratedinputsegmentcompleteddistance=\dimen304
\pgfdecoratedinputsegmentremainingdistance=\dimen305
\pgf@decorate@distancetomove=\dimen306
\pgf@decorate@repeatstate=\count312
\pgfdecorationsegmentamplitude=\dimen307
\pgfdecorationsegmentlength=\dimen308
)
\tikz@lib@dec@box=\box81
) (/usr/local/texlive/2023/texmf-dist/tex/generic/pgf/libraries/decorations/pgflibrarydecorations.pathreplacing.code.tex))
(/usr/local/texlive/2023/texmf-dist/tex/latex/spath3/tikzlibrarycalligraphy.code.tex (/usr/local/texlive/2023/texmf-dist/tex/latex/spath3/spath3.sty
Package: spath3 2022/08/24 v2.7 Functions for manipulating PGF soft paths
\g__spath_output_int=\count313
\l__spath_tmpa_dim=\dimen309
\l__spath_tmpb_dim=\dimen310
\l__spath_tmpa_int=\count314
\l__spath_tmpb_int=\count315
\l__spath_move_x_dim=\dimen311
\l__spath_move_y_dim=\dimen312
\l__spath_rectx_dim=\dimen313
\l__spath_recty_dim=\dimen314
\g__spath_anon_int=\count316
)
\l__cal_tmpa_int=\count317
\l__cal_tmpb_int=\count318
\g__cal_path_component_int=\count319
\g__cal_label_int=\count320
\l__cal_tmpa_dim=\dimen315
\l__cal_tmpb_dim=\dimen316
\l__cal_tmpc_dim=\dimen317
\l__cal_tmpd_dim=\dimen318
\l__cal_tmpe_dim=\dimen319
\l__cal_tmpf_dim=\dimen320
\l__cal_tmpg_dim=\dimen321
\l__cal_tmph_dim=\dimen322
\l__cal_taper_width_dim=\dimen323
\l__cal_line_width_dim=\dimen324
)
LaTeX Font Info:    Trying to load font information for T1+lmr on input line 72.
 (/usr/local/texlive/2023/texmf-dist/tex/latex/lm/t1lmr.fd
File: t1lmr.fd 2015/05/01 v1.6.1 Font defs for Latin Modern
) (./main.aux)
\openout1 = `main.aux'.

LaTeX Font Info:    Checking defaults for OML/cmm/m/it on input line 72.
LaTeX Font Info:    ... okay on input line 72.
LaTeX Font Info:    Checking defaults for OMS/cmsy/m/n on input line 72.
LaTeX Font Info:    ... okay on input line 72.
LaTeX Font Info:    Checking defaults for OT1/cmr/m/n on input line 72.
LaTeX Font Info:    ... okay on input line 72.
LaTeX Font Info:    Checking defaults for T1/cmr/m/n on input line 72.
LaTeX Font Info:    ... okay on input line 72.
LaTeX Font Info:    Checking defaults for TS1/cmr/m/n on input line 72.
LaTeX Font Info:    ... okay on input line 72.
LaTeX Font Info:    Checking defaults for OMX/cmex/m/n on input line 72.
LaTeX Font Info:    ... okay on input line 72.
LaTeX Font Info:    Checking defaults for U/cmr/m/n on input line 72.
LaTeX Font Info:    ... okay on input line 72.

*geometry* driver: auto-detecting
*geometry* detected driver: pdftex
*geometry* verbose mode - [ preamble ] result:
* driver: pdftex
* paper: a4paper
* layout: <same size as paper>
* layoutoffset:(h,v)=(0.0pt,0.0pt)
* modes: 
* h-part:(L,W,R)=(56.9055pt, 483.69687pt, 56.9055pt)
* v-part:(T,H,B)=(56.9055pt, 731.23584pt, 56.9055pt)
* \paperwidth=597.50787pt
* \paperheight=845.04684pt
* \textwidth=483.69687pt
* \textheight=731.23584pt
* \oddsidemargin=-15.36449pt
* \evensidemargin=-15.36449pt
* \topmargin=-55.23949pt
* \headheight=18.125pt
* \headsep=21.75pt
* \topskip=12.0pt
* \footskip=50.75pt
* \marginparwidth=49.79233pt
* \marginparsep=12.8401pt
* \columnsep=10.0pt
* \skip\footins=10.8pt plus 4.0pt minus 2.0pt
* \hoffset=0.0pt
* \voffset=0.0pt
* \mag=1000
* \@twocolumnfalse
* \@twosidefalse
* \@mparswitchfalse
* \@reversemarginfalse
* (1in=72.27pt=25.4mm, 1cm=28.453pt)

(/usr/local/texlive/2023/texmf-dist/tex/context/base/mkii/supp-pdf.mkii
[Loading MPS to PDF converter (version 2006.09.02).]
\scratchcounter=\count321
\scratchdimen=\dimen325
\scratchbox=\box82
\nofMPsegments=\count322
\nofMParguments=\count323
\everyMPshowfont=\toks45
\MPscratchCnt=\count324
\MPscratchDim=\dimen326
\MPnumerator=\count325
\makeMPintoPDFobject=\count326
\everyMPtoPDFconversion=\toks46
) (/usr/local/texlive/2023/texmf-dist/tex/latex/epstopdf-pkg/epstopdf-base.sty
Package: epstopdf-base 2020-01-24 v2.11 Base part for package epstopdf
Package epstopdf-base Info: Redefining graphics rule for `.eps' on input line 485.
 (/usr/local/texlive/2023/texmf-dist/tex/latex/latexconfig/epstopdf-sys.cfg
File: epstopdf-sys.cfg 2010/07/13 v1.3 Configuration of (r)epstopdf for TeX Live
)) (./experiments/FreierFall/freierFall.tex
LaTeX Font Info:    Trying to load font information for TS1+lmr on input line 31.
 (/usr/local/texlive/2023/texmf-dist/tex/latex/lm/ts1lmr.fd
File: ts1lmr.fd 2015/05/01 v1.6.1 Font defs for Latin Modern
)
LaTeX Font Info:    Trying to load font information for OT1+lmr on input line 40.
 (/usr/local/texlive/2023/texmf-dist/tex/latex/lm/ot1lmr.fd
File: ot1lmr.fd 2015/05/01 v1.6.1 Font defs for Latin Modern
)
LaTeX Font Info:    Trying to load font information for OML+lmm on input line 40.
 (/usr/local/texlive/2023/texmf-dist/tex/latex/lm/omllmm.fd
File: omllmm.fd 2015/05/01 v1.6.1 Font defs for Latin Modern
)
LaTeX Font Info:    Trying to load font information for OMS+lmsy on input line 40.
 (/usr/local/texlive/2023/texmf-dist/tex/latex/lm/omslmsy.fd
File: omslmsy.fd 2015/05/01 v1.6.1 Font defs for Latin Modern
)
LaTeX Font Info:    Trying to load font information for OMX+lmex on input line 40.
 (/usr/local/texlive/2023/texmf-dist/tex/latex/lm/omxlmex.fd
File: omxlmex.fd 2015/05/01 v1.6.1 Font defs for Latin Modern
)
LaTeX Font Info:    External font `lmex10' loaded for size
(Font)              <12> on input line 40.
LaTeX Font Info:    External font `lmex10' loaded for size
(Font)              <8> on input line 40.
LaTeX Font Info:    External font `lmex10' loaded for size
(Font)              <6> on input line 40.
LaTeX Font Info:    Trying to load font information for U+msa on input line 40.
 (/usr/local/texlive/2023/texmf-dist/tex/latex/amsfonts/umsa.fd
File: umsa.fd 2013/01/14 v3.01 AMS symbols A
)
LaTeX Font Info:    Trying to load font information for U+msb on input line 40.
 (/usr/local/texlive/2023/texmf-dist/tex/latex/amsfonts/umsb.fd
File: umsb.fd 2013/01/14 v3.01 AMS symbols B
)
<experiments/FreierFall//img/versuchsaufbau.jpg, id=4, 1944.26375pt x 1685.29625pt>
File: experiments/FreierFall//img/versuchsaufbau.jpg Graphic file (type jpg)
<use experiments/FreierFall//img/versuchsaufbau.jpg>
Package pdftex.def Info: experiments/FreierFall//img/versuchsaufbau.jpg  used on input line 43.
(pdftex.def)             Requested size: 169.6496pt x 147.04132pt.
) (./experiments/Induktion/induktion.tex
<experiments/Induktion//img/versuchsaufbau.png, id=5, 2939.98375pt x 1985.4175pt>
File: experiments/Induktion//img/versuchsaufbau.png Graphic file (type png)
<use experiments/Induktion//img/versuchsaufbau.png>
Package pdftex.def Info: experiments/Induktion//img/versuchsaufbau.png  used on input line 43.
(pdftex.def)             Requested size: 184.57843pt x 124.63359pt.

Overfull \hbox (13.75803pt too wide) in paragraph at lines 27--45
[]$[]$   $[]$ 
 []

<experiments/Induktion//img/hochspannung.png, id=7, 1284.8pt x 1140.26pt>
File: experiments/Induktion//img/hochspannung.png Graphic file (type png)
<use experiments/Induktion//img/hochspannung.png>
Package pdftex.def Info: experiments/Induktion//img/hochspannung.png  used on input line 72.
(pdftex.def)             Requested size: 45.24265pt x 40.13936pt.
) (./experiments/Kondensator/kondensator.tex [1

{/usr/local/texlive/2023/texmf-var/fonts/map/pdftex/updmap/pdftex.map}{/usr/local/texlive/2023/texmf-dist/fonts/enc/dvips/lm/lm-ec.enc}{/usr/local/texlive/2023/texmf-dist/fonts/enc/dvips/lm/lm-ts1.enc}{/usr/local/texlive/2023/texmf-dist/fonts/enc/dvips/lm/lm-mathit.enc}{/usr/local/texlive/2023/texmf-dist/fonts/enc/dvips/lm/lm-rm.enc}{/usr/local/texlive/2023/texmf-dist/fonts/enc/dvips/lm/lm-mathsy.enc} <./experiments/FreierFall//img/versuchsaufbau.jpg>]
<experiments/Kondensator//img/versuchsaufbau.jpg, id=23, 2420.04124pt x 1408.26125pt>
File: experiments/Kondensator//img/versuchsaufbau.jpg Graphic file (type jpg)
<use experiments/Kondensator//img/versuchsaufbau.jpg>
Package pdftex.def Info: experiments/Kondensator//img/versuchsaufbau.jpg  used on input line 33.
(pdftex.def)             Requested size: 192.27092pt x 111.86813pt.

Overfull \hbox (2.61107pt too wide) in paragraph at lines 31--71
[]$[]$ $[]$ 
 []

<experiments/Kondensator//img/cassy.png, id=24, 1626.075pt x 2168.1pt>
File: experiments/Kondensator//img/cassy.png Graphic file (type png)
<use experiments/Kondensator//img/cassy.png>
Package pdftex.def Info: experiments/Kondensator//img/cassy.png  used on input line 85.
(pdftex.def)             Requested size: 92.29214pt x 123.03381pt.
[2{/usr/local/texlive/2023/texmf-dist/fonts/enc/dvips/lm/lm-mathex.enc} <./experiments/Induktion//img/versuchsaufbau.png> <./experiments/Induktion//img/hochspannung.png>]) (./experiments/KondensatorEnergie/kondensatorEnergie.tex
<experiments/KondensatorEnergie//img/versuchsaufbau.png, id=32, 3117.6475pt x 2340.745pt>
File: experiments/KondensatorEnergie//img/versuchsaufbau.png Graphic file (type png)
<use experiments/KondensatorEnergie//img/versuchsaufbau.png>
Package pdftex.def Info: experiments/KondensatorEnergie//img/versuchsaufbau.png  used on input line 33.
(pdftex.def)             Requested size: 192.27092pt x 144.33177pt.

Overfull \hbox (2.61107pt too wide) in paragraph at lines 31--68
[]$[]$ $[]$ 
 []

) (./experiments/Newton2/newton2.tex [3 <./experiments/Kondensator//img/versuchsaufbau.JPG> <./experiments/Kondensator//img/cassy.PNG>]
<experiments/Newton2//img/versuchsaufbau.jpg, id=36, 3258.1725pt x 1154.3125pt>
File: experiments/Newton2//img/versuchsaufbau.jpg Graphic file (type jpg)
<use experiments/Newton2//img/versuchsaufbau.jpg>
Package pdftex.def Info: experiments/Newton2//img/versuchsaufbau.jpg  used on input line 42.
(pdftex.def)             Requested size: 452.39893pt x 160.26402pt.
 [4 <./experiments/KondensatorEnergie//img/versuchsaufbau.png>]) (./experiments/Spule/spule.tex
<experiments/Spule//img/versuchsaufbau.png, id=41, 3032.32875pt x 1560.83125pt>
File: experiments/Spule//img/versuchsaufbau.png Graphic file (type png)
<use experiments/Spule//img/versuchsaufbau.png>
Package pdftex.def Info: experiments/Spule//img/versuchsaufbau.png  used on input line 32.
(pdftex.def)             Requested size: 203.57813pt x 104.76805pt.

Overfull \hbox (2.61107pt too wide) in paragraph at lines 30--53
[]$[]$ $[]$ 
 []

<experiments/Spule//img/hochspannung.png, id=42, 1284.8pt x 1140.26pt>
File: experiments/Spule//img/hochspannung.png Graphic file (type png)
<use experiments/Spule//img/hochspannung.png>
Package pdftex.def Info: experiments/Spule//img/hochspannung.png  used on input line 80.
(pdftex.def)             Requested size: 45.24265pt x 40.13936pt.
) [5 <./experiments/Newton2//img/versuchsaufbau.jpg>] (./experiments/Phyphox/Allgemein/allgemein.tex
<experiments/Phyphox/Allgemein//img/acc.png, id=46, 772.8875pt x 883.3pt>
File: experiments/Phyphox/Allgemein//img/acc.png Graphic file (type png)
<use experiments/Phyphox/Allgemein//img/acc.png>
Package pdftex.def Info: experiments/Phyphox/Allgemein//img/acc.png  used on input line 36.
(pdftex.def)             Requested size: 108.57726pt x 124.07898pt.
<experiments/Phyphox/Allgemein//img/fernzugriff2.png, id=47, 642.4pt x 1089.06876pt>
File: experiments/Phyphox/Allgemein//img/fernzugriff2.png Graphic file (type png)
<use experiments/Phyphox/Allgemein//img/fernzugriff2.png>
Package pdftex.def Info: experiments/Phyphox/Allgemein//img/fernzugriff2.png  used on input line 44.
(pdftex.def)             Requested size: 90.4784pt x 153.38257pt.
<experiments/Phyphox/Allgemein//img/fernzugriff3.png, id=48, 642.4pt x 1094.0875pt>
File: experiments/Phyphox/Allgemein//img/fernzugriff3.png Graphic file (type png)
<use experiments/Phyphox/Allgemein//img/fernzugriff3.png>
Package pdftex.def Info: experiments/Phyphox/Allgemein//img/fernzugriff3.png  used on input line 47.
(pdftex.def)             Requested size: 90.4784pt x 154.08939pt.
<experiments/Phyphox/Allgemein//img/editor.png, id=49, 944.52875pt x 651.43375pt>
File: experiments/Phyphox/Allgemein//img/editor.png Graphic file (type png)
<use experiments/Phyphox/Allgemein//img/editor.png>
Package pdftex.def Info: experiments/Phyphox/Allgemein//img/editor.png  used on input line 55.
(pdftex.def)             Requested size: 203.57813pt x 140.40343pt.

Underfull \hbox (badness 1005) in paragraph at lines 59--60
\T1/lmr/m/n/12 ein Experiment-Editor be-reit-ge-stellt (htt-
 []

[6 <./experiments/Spule//img/versuchsaufbau.png> <./experiments/Spule//img/hochspannung.png>]) (./experiments/Phyphox/Federpendel/federpendel.tex
<experiments/Phyphox/Federpendel//img/halterung2.jpg, id=56, 1688.3075pt x 1286.8075pt>
File: experiments/Phyphox/Federpendel//img/halterung2.jpg Graphic file (type jpg)
<use experiments/Phyphox/Federpendel//img/halterung2.jpg>
Package pdftex.def Info: experiments/Phyphox/Federpendel//img/halterung2.jpg  used on input line 43.
(pdftex.def)             Requested size: 152.6836pt x 116.35745pt.

Overfull \hbox (1.05978pt too wide) in paragraph at lines 28--45
[]$[]$   $[]$ 
 []

<experiments/Phyphox/Federpendel//img/versuchsaufbau.jpg, id=57, 1026.83624pt x 2934.965pt>
File: experiments/Phyphox/Federpendel//img/versuchsaufbau.jpg Graphic file (type jpg)
<use experiments/Phyphox/Federpendel//img/versuchsaufbau.jpg>
Package pdftex.def Info: experiments/Phyphox/Federpendel//img/versuchsaufbau.jpg  used on input line 52.
(pdftex.def)             Requested size: 90.4784pt x 258.58224pt.
[7 <./experiments/Phyphox/Allgemein//img/acc.png> <./experiments/Phyphox/Allgemein//img/fernzugriff2.png> <./experiments/Phyphox/Allgemein//img/fernzugriff3.png> <./experiments/Phyphox/Allgemein//img/editor.png>]) (./experiments/Phyphox/Fadenpendel/fadenpendel.tex
<experiments/Phyphox/Fadenpendel//img/versuchsaufbau.jpg, id=66, 924.45375pt x 1995.455pt>
File: experiments/Phyphox/Fadenpendel//img/versuchsaufbau.jpg Graphic file (type jpg)
<use experiments/Phyphox/Fadenpendel//img/versuchsaufbau.jpg>
Package pdftex.def Info: experiments/Phyphox/Fadenpendel//img/versuchsaufbau.jpg  used on input line 36.
(pdftex.def)             Requested size: 85.9542pt x 185.52058pt.
<experiments/Phyphox/Fadenpendel//img/app.png, id=67, 641.39626pt x 1076.02pt>
File: experiments/Phyphox/Fadenpendel//img/app.png Graphic file (type png)
<use experiments/Phyphox/Fadenpendel//img/app.png>
Package pdftex.def Info: experiments/Phyphox/Fadenpendel//img/app.png  used on input line 52.
(pdftex.def)             Requested size: 99.52678pt x 166.96198pt.

Overfull \hbox (9.04839pt too wide) in paragraph at lines 52--53
[][] 
 []

[8 <./experiments/Phyphox/Federpendel//img/halterung2.jpg> <./experiments/Phyphox/Federpendel//img/versuchsaufbau.jpg>]) (./experiments/Phyphox/Magnetfeld/magnetfeld.tex
<experiments/Phyphox/Magnetfeld//img/versuchsaufbau.jpg, id=71, 375.4025pt x 829.0975pt>
File: experiments/Phyphox/Magnetfeld//img/versuchsaufbau.jpg Graphic file (type jpg)
<use experiments/Phyphox/Magnetfeld//img/versuchsaufbau.jpg>
Package pdftex.def Info: experiments/Phyphox/Magnetfeld//img/versuchsaufbau.jpg  used on input line 42.
(pdftex.def)             Requested size: 67.85707pt x 149.86366pt.
<experiments/Phyphox/Magnetfeld//img/app.jpg, id=72, 642.4pt x 1100.11pt>
File: experiments/Phyphox/Magnetfeld//img/app.jpg Graphic file (type jpg)
<use experiments/Phyphox/Magnetfeld//img/app.jpg>
Package pdftex.def Info: experiments/Phyphox/Magnetfeld//img/app.jpg  used on input line 54.
(pdftex.def)             Requested size: 90.4784pt x 154.93759pt.
<experiments/Phyphox/Magnetfeld//img/inklination.jpg, id=73, 383.4325pt x 280.04625pt>
File: experiments/Phyphox/Magnetfeld//img/inklination.jpg Graphic file (type jpg)
<use experiments/Phyphox/Magnetfeld//img/inklination.jpg>
Package pdftex.def Info: experiments/Phyphox/Magnetfeld//img/inklination.jpg  used on input line 65.
(pdftex.def)             Requested size: 117.62123pt x 85.90324pt.
<experiments/Phyphox/Magnetfeld//img/inklinationskarte.png, id=74, 827.09pt x 510.90875pt>
File: experiments/Phyphox/Magnetfeld//img/inklinationskarte.png Graphic file (type png)
<use experiments/Phyphox/Magnetfeld//img/inklinationskarte.png>
Package pdftex.def Info: experiments/Phyphox/Magnetfeld//img/inklinationskarte.png  used on input line 69.
(pdftex.def)             Requested size: 135.72105pt x 83.83635pt.
<experiments/Phyphox/Magnetfeld//img/st채rke.png, id=75, 553.06625pt x 313.17pt>
File: experiments/Phyphox/Magnetfeld//img/st채rke.png Graphic file (type png)
<use experiments/Phyphox/Magnetfeld//img/st채rke.png>
Package pdftex.def Info: experiments/Phyphox/Magnetfeld//img/st채rke.png  used on input line 73.
(pdftex.def)             Requested size: 149.29247pt x 84.53313pt.
<experiments/Phyphox/Magnetfeld//img/qr_code.png, id=76, 165.61874pt x 165.61874pt>
File: experiments/Phyphox/Magnetfeld//img/qr_code.png Graphic file (type png)
<use experiments/Phyphox/Magnetfeld//img/qr_code.png>
Package pdftex.def Info: experiments/Phyphox/Magnetfeld//img/qr_code.png  used on input line 85.
(pdftex.def)             Requested size: 45.24265pt x 45.24077pt.
 [9 <./experiments/Phyphox/Fadenpendel//img/versuchsaufbau.jpg> <./experiments/Phyphox/Fadenpendel//img/app.png>]) (./experiments/Phyphox/Salat/salat.tex
<experiments/Phyphox/Salat//img/versuchsaufbau.jpg, id=81, 1656.1875pt x 1386.17876pt>
File: experiments/Phyphox/Salat//img/versuchsaufbau.jpg Graphic file (type jpg)
<use experiments/Phyphox/Salat//img/versuchsaufbau.jpg>
Package pdftex.def Info: experiments/Phyphox/Salat//img/versuchsaufbau.jpg  used on input line 38.
(pdftex.def)             Requested size: 158.34238pt x 132.51324pt.
<experiments/Phyphox/Salat//img/app1.png, id=82, 642.4pt x 1093.08376pt>
File: experiments/Phyphox/Salat//img/app1.png Graphic file (type png)
<use experiments/Phyphox/Salat//img/app1.png>
Package pdftex.def Info: experiments/Phyphox/Salat//img/app1.png  used on input line 60.
(pdftex.def)             Requested size: 99.5283pt x 169.34283pt.
<experiments/Phyphox/Salat//img/app2.png, id=83, 642.4pt x 1095.09125pt>
File: experiments/Phyphox/Salat//img/app2.png Graphic file (type png)
<use experiments/Phyphox/Salat//img/app2.png>
Package pdftex.def Info: experiments/Phyphox/Salat//img/app2.png  used on input line 63.
(pdftex.def)             Requested size: 99.5283pt x 169.65384pt.
<experiments/Phyphox/Salat//img/qr_code.png, id=84, 165.61874pt x 165.61874pt>
File: experiments/Phyphox/Salat//img/qr_code.png Graphic file (type png)
<use experiments/Phyphox/Salat//img/qr_code.png>
Package pdftex.def Info: experiments/Phyphox/Salat//img/qr_code.png  used on input line 74.
(pdftex.def)             Requested size: 67.85707pt x 67.8561pt.
 [10 <./experiments/Phyphox/Magnetfeld//img/versuchsaufbau.jpg> <./experiments/Phyphox/Magnetfeld//img/app.jpg> <./experiments/Phyphox/Magnetfeld//img/inklination.jpg> <./experiments/Phyphox/Magnetfeld//img/inklinationskarte.png> <./experiments/Phyphox/Magnetfeld//img/st채rke.png> <./experiments/Phyphox/Magnetfeld//img/qr_code.png>]) (./experiments/Phyphox/Druck/druck.tex
<experiments/Phyphox/Druck//img/versuchsaufbau.jpg, id=91, 3160.80875pt x 1900.09875pt>
File: experiments/Phyphox/Druck//img/versuchsaufbau.jpg Graphic file (type jpg)
<use experiments/Phyphox/Druck//img/versuchsaufbau.jpg>
Package pdftex.def Info: experiments/Phyphox/Druck//img/versuchsaufbau.jpg  used on input line 43.
(pdftex.def)             Requested size: 183.21906pt x 110.11592pt.

Overfull \hbox (16.74402pt too wide) in paragraph at lines 27--45
[]$[]$   $[]$ 
 []

[11 <./experiments/Phyphox/Salat//img/versuchsaufbau.JPG> <./experiments/Phyphox/Salat//img/app1.PNG> <./experiments/Phyphox/Salat//img/app2.PNG> <./experiments/Phyphox/Salat//img/qr_code.png>]) (./experiments/Phyphox/Schallgeschwindigkeit/schall.tex (./experiments/Phyphox/Schallgeschwindigkeit//ink/versuchsaufbau.pdf_tex
<experiments/Phyphox/Schallgeschwindigkeit//ink/versuchsaufbau.pdf, id=98, page=1, 524.6681pt x 206.52448pt>
File: experiments/Phyphox/Schallgeschwindigkeit//ink/versuchsaufbau.pdf Graphic file (type pdf)
<use experiments/Phyphox/Schallgeschwindigkeit//ink/versuchsaufbau.pdf, page 1>
Package pdftex.def Info: experiments/Phyphox/Schallgeschwindigkeit//ink/versuchsaufbau.pdf , page1 used on input line 56.
(pdftex.def)             Requested size: 400.0pt x 157.45181pt.
<experiments/Phyphox/Schallgeschwindigkeit//ink/versuchsaufbau.pdf, id=99, page=2, 524.6681pt x 206.52448pt>
File: experiments/Phyphox/Schallgeschwindigkeit//ink/versuchsaufbau.pdf Graphic file (type pdf)
<use experiments/Phyphox/Schallgeschwindigkeit//ink/versuchsaufbau.pdf, page 2>
Package pdftex.def Info: experiments/Phyphox/Schallgeschwindigkeit//ink/versuchsaufbau.pdf , page2 used on input line 62.
(pdftex.def)             Requested size: 400.0pt x 157.45181pt.
)
<experiments/Phyphox/Schallgeschwindigkeit//img/app.png, id=100, 642.4pt x 645.41125pt>
File: experiments/Phyphox/Schallgeschwindigkeit//img/app.png Graphic file (type png)
<use experiments/Phyphox/Schallgeschwindigkeit//img/app.png>
Package pdftex.def Info: experiments/Phyphox/Schallgeschwindigkeit//img/app.png  used on input line 43.
(pdftex.def)             Requested size: 90.4784pt x 90.8986pt.
 [12 <./experiments/Phyphox/Druck//img/versuchsaufbau.jpg>]) (./experiments/Phyphox/SchallFestk철rper/schallFestk철rper.tex
<experiments/Phyphox/SchallFestk철rper//img/versuchsaufbau.jpg, id=104, 2752.2825pt x 1300.86pt>
File: experiments/Phyphox/SchallFestk철rper//img/versuchsaufbau.jpg Graphic file (type jpg)
<use experiments/Phyphox/SchallFestk철rper//img/versuchsaufbau.jpg>
Package pdftex.def Info: experiments/Phyphox/SchallFestk철rper//img/versuchsaufbau.jpg  used on input line 40.
(pdftex.def)             Requested size: 183.21906pt x 86.58351pt.

Overfull \hbox (22.43448pt too wide) in paragraph at lines 26--42
[]$[]$   $[]$ 
 []

(./experiments/Phyphox/SchallFestk철rper//ink/eigenfrequenz.pdf_tex
<experiments/Phyphox/SchallFestk철rper//ink/eigenfrequenz.pdf, id=105, page=1, 597.50786pt x 845.04686pt>
File: experiments/Phyphox/SchallFestk철rper//ink/eigenfrequenz.pdf Graphic file (type pdf)
<use experiments/Phyphox/SchallFestk철rper//ink/eigenfrequenz.pdf, page 1>
Package pdftex.def Info: experiments/Phyphox/SchallFestk철rper//ink/eigenfrequenz.pdf , page1 used on input line 56.
(pdftex.def)             Requested size: 220.0pt x 311.14091pt.
)
<experiments/Phyphox/SchallFestk철rper//img/n1.png, id=106, 481.04718pt x 682.04813pt>
File: experiments/Phyphox/SchallFestk철rper//img/n1.png Graphic file (type png)
<use experiments/Phyphox/SchallFestk철rper//img/n1.png>
Package pdftex.def Info: experiments/Phyphox/SchallFestk철rper//img/n1.png  used on input line 67.
(pdftex.def)             Requested size: 158.34238pt x 224.50418pt.
 [13 <./experiments/Phyphox/Schallgeschwindigkeit//ink/versuchsaufbau.pdf> <./experiments/Phyphox/Schallgeschwindigkeit//ink/versuchsaufbau.pdf

pdfTeX warning: pdflatex (file ./experiments/Phyphox/Schallgeschwindigkeit//ink/versuchsaufbau.pdf): PDF inclusion: multiple pdfs with page group included in a single page
> <./experiments/Phyphox/Schallgeschwindigkeit//img/app.png>]) (./experiments/Phyphox/Fallschnur/fallschnur.tex
<experiments/Phyphox/Fallschnur//img/schraube.png, id=114, 150.5625pt x 149.55875pt>
File: experiments/Phyphox/Fallschnur//img/schraube.png Graphic file (type png)
<use experiments/Phyphox/Fallschnur//img/schraube.png>
Package pdftex.def Info: experiments/Phyphox/Fallschnur//img/schraube.png  used on input line 40.
(pdftex.def)             Requested size: 67.8588pt x 67.40807pt.
<experiments/Phyphox/Fallschnur//img/app1.jpg, id=115, 642.4pt x 641.39626pt>
File: experiments/Phyphox/Fallschnur//img/app1.jpg Graphic file (type jpg)
<use experiments/Phyphox/Fallschnur//img/app1.jpg>
Package pdftex.def Info: experiments/Phyphox/Fallschnur//img/app1.jpg  used on input line 43.
(pdftex.def)             Requested size: 67.8588pt x 67.74496pt.
<experiments/Phyphox/Fallschnur//img/versuchsaufbau.jpg, id=116, 619.31375pt x 2347.77126pt>
File: experiments/Phyphox/Fallschnur//img/versuchsaufbau.jpg Graphic file (type jpg)
<use experiments/Phyphox/Fallschnur//img/versuchsaufbau.jpg>
Package pdftex.def Info: experiments/Phyphox/Fallschnur//img/versuchsaufbau.jpg  used on input line 51.
(pdftex.def)             Requested size: 76.90718pt x 291.5362pt.
<experiments/Phyphox/Fallschnur//img/app2.jpg, id=117, 642.4pt x 971.63pt>
File: experiments/Phyphox/Fallschnur//img/app2.jpg Graphic file (type jpg)
<use experiments/Phyphox/Fallschnur//img/app2.jpg>
Package pdftex.def Info: experiments/Phyphox/Fallschnur//img/app2.jpg  used on input line 74.
(pdftex.def)             Requested size: 108.57379pt x 164.21123pt.

Overfull \hbox (18.0954pt too wide) in paragraph at lines 74--75
[][] 
 []


Overfull \hbox (28.64723pt too wide) in alignment at lines 96--96
[][][][] 
 []

[14 <./experiments/Phyphox/SchallFestk철rper//img/versuchsaufbau.jpg> <./experiments/Phyphox/SchallFestk철rper//ink/eigenfrequenz.pdf> <./experiments/Phyphox/SchallFestk철rper//img/n1.png>]) (./experiments/Phyphox/Diode/diode.tex
Missing character: There is no ; in font nullfont!
Missing character: There is no ; in font nullfont!
Missing character: There is no ; in font nullfont!
<experiments/Phyphox/Diode//img/breadboard3.png, id=126, 2503.10156pt x 1685.54718pt>
File: experiments/Phyphox/Diode//img/breadboard3.png Graphic file (type png)
<use experiments/Phyphox/Diode//img/breadboard3.png>
Package pdftex.def Info: experiments/Phyphox/Diode//img/breadboard3.png  used on input line 56.
(pdftex.def)             Requested size: 226.19946pt x 152.30997pt.
<experiments/Phyphox/Diode//img/screen.jpg, id=127, 642.4pt x 1086.0575pt>
File: experiments/Phyphox/Diode//img/screen.jpg Graphic file (type jpg)
<use experiments/Phyphox/Diode//img/screen.jpg>
Package pdftex.def Info: experiments/Phyphox/Diode//img/screen.jpg  used on input line 61.
(pdftex.def)             Requested size: 90.4784pt x 152.95847pt.
<experiments/Phyphox/Diode//img/qr_code.png, id=128, 165.61874pt x 165.61874pt>
File: experiments/Phyphox/Diode//img/qr_code.png Graphic file (type png)
<use experiments/Phyphox/Diode//img/qr_code.png>
Package pdftex.def Info: experiments/Phyphox/Diode//img/qr_code.png  used on input line 72.
(pdftex.def)             Requested size: 90.4784pt x 90.47649pt.
[15 <./experiments/Phyphox/Fallschnur//img/schraube.png> <./experiments/Phyphox/Fallschnur//img/app1.jpg> <./experiments/Phyphox/Fallschnur//img/versuchsaufbau.jpg> <./experiments/Phyphox/Fallschnur//img/app2.jpg>]) [16 <./experiments/Phyphox/Diode//img/breadboard3.png> <./experiments/Phyphox/Diode//img/screen.jpg> <./experiments/Phyphox/Diode//img/qr_code.png>] (./main.aux) ) 
Here is how much of TeX's memory you used:
 41352 strings out of 477867
 1056763 string characters out of 5834553
 1890074 words of memory out of 5000000
 60933 multiletter control sequences out of 15000+600000
 540976 words of font info for 56 fonts, out of 8000000 for 9000
 36 hyphenation exceptions out of 8191
 108i,19n,106p,10899b,1353s stack positions out of 10000i,1000n,20000p,200000b,200000s
</usr/local/texlive/2023/texmf-dist/fonts/type1/public/lm/lmbx12.pfb></usr/local/texlive/2023/texmf-dist/fonts/type1/public/lm/lmex10.pfb></usr/local/texlive/2023/texmf-dist/fonts/type1/public/lm/lmmi12.pfb></usr/local/texlive/2023/texmf-dist/fonts/type1/public/lm/lmmi8.pfb></usr/local/texlive/2023/texmf-dist/fonts/type1/public/lm/lmr12.pfb></usr/local/texlive/2023/texmf-dist/fonts/type1/public/lm/lmr17.pfb></usr/local/texlive/2023/texmf-dist/fonts/type1/public/lm/lmr6.pfb></usr/local/texlive/2023/texmf-dist/fonts/type1/public/lm/lmr8.pfb></usr/local/texlive/2023/texmf-dist/fonts/type1/public/lm/lmsy10.pfb></usr/local/texlive/2023/texmf-dist/fonts/type1/public/lm/lmsy8.pfb>
Output written on main.pdf (16 pages, 49393765 bytes).
PDF statistics:
 196 PDF objects out of 1000 (max. 8388607)
 90 compressed objects within 1 object stream
 0 named destinations out of 1000 (max. 500000)
 218 words of extra memory for PDF output out of 10000 (max. 10000000)

